INFO:__main__:üîç Enhanced detailed logging enabled - output: /mnt/c/Users/chris/Cloud-Drive_christianhaddad8@gmail.com/Cloud-Drive/Full/claude code/Amazon-FBA-Agent-System-v3/logs/debug/run_complete_fba_system_20250708_190615.log
DEBUG:asyncio:Using selector: EpollSelector
INFO:__main__:üöÄ Complete FBA System v3 initialized
INFO:__main__:üè≠ Processing supplier: poundwholesale-co-uk
INFO:__main__:üîó URL: https://www.poundwholesale.co.uk/
INFO:__main__:üìß Email: info@theblacksmithmarket.com
INFO:__main__:üñ•Ô∏è Headed mode: False
INFO:__main__:üì¶ Max products: 21
INFO:__main__:üîÑ Force regenerate: False
INFO:__main__:üì¶ Archiving expected output files for verification...
INFO:__main__:Archive mode set to: ''
WARNING:__main__:Unknown archive mode: ''. Skipping archive.
INFO:tools.supplier_guard:üõ°Ô∏è Supplier Guard initialized
INFO:__main__:‚ö†Ô∏è Supplier poundwholesale-co-uk not ready: .supplier_ready file missing supplier_name field
INFO:__main__:‚úÖ Existing supplier package found for poundwholesale-co-uk. Bypassing script generation.
INFO:__main__:üöÄ Initializing centralized browser session...
INFO:utils.browser_manager:üîß BrowserManager singleton initialized
INFO:utils.browser_manager:üîå Connecting to Chrome on debug port 9222
INFO:utils.browser_manager:üìÑ Using existing context with 4 pages
INFO:utils.browser_manager:‚úÖ Connected to Chrome successfully
INFO:utils.browser_manager:üìÑ Created new page #1 for https://www.poundwholesale.co.uk
INFO:utils.browser_manager:‚úÖ Page ready for https://www.poundwholesale.co.uk/
INFO:__main__:üîê Performing dynamic supplier authentication...
INFO:__main__:üì¶ Loading dynamic supplier login script: suppliers/poundwholesale-co-uk/scripts/poundwholesale-co-uk_login.py
INFO:poundwholesale-co-uk_login:üîê Starting login to https://www.poundwholesale.co.uk/
INFO:poundwholesale-co-uk_login:‚úÖ Already logged in
INFO:__main__:‚úÖ Dynamic supplier authentication successful. Proceeding with authenticated workflow.
INFO:utils.path_manager:Creating run output directory for supplier 'poundwholesale-co-uk' -> 'poundwholesale-co-uk/20250708_150628_run'
DEBUG:utils.path_manager:Successfully created run output directory: /mnt/c/Users/chris/Cloud-Drive_christianhaddad8@gmail.com/Cloud-Drive/Full/claude code/Amazon-FBA-Agent-System-v3/OUTPUTS/poundwholesale-co-uk/20250708_150628_run
INFO:__main__:üìÅ Run output directory: /mnt/c/Users/chris/Cloud-Drive_christianhaddad8@gmail.com/Cloud-Drive/Full/claude code/Amazon-FBA-Agent-System-v3/OUTPUTS/poundwholesale-co-uk/20250708_150628_run
INFO:__main__:üîÑ Using standard workflow (LangGraph integration disabled)
INFO:__main__:üîÑ Starting passive extraction workflow...
ERROR:__main__:‚ùå Workflow execution failed: Extra data: line 93 column 4 (char 4433)
Traceback (most recent call last):
  File "/mnt/c/Users/chris/Cloud-Drive_christianhaddad8@gmail.com/Cloud-Drive/Full/claude code/Amazon-FBA-Agent-System-v3/run_complete_fba_system.py", line 657, in _run_extraction_workflow
    system_config = json.load(f)
                    ^^^^^^^^^^^^
  File "/usr/lib/python3.12/json/__init__.py", line 293, in load
    return loads(fp.read(),
           ^^^^^^^^^^^^^^^^
  File "/usr/lib/python3.12/json/__init__.py", line 346, in loads
    return _default_decoder.decode(s)
           ^^^^^^^^^^^^^^^^^^^^^^^^^^
  File "/usr/lib/python3.12/json/decoder.py", line 340, in decode
    raise JSONDecodeError("Extra data", s, end)
json.decoder.JSONDecodeError: Extra data: line 93 column 4 (char 4433)
ERROR:__main__:‚ùå Extraction workflow failed
INFO:__main__:üîç Verifying files generated despite extraction failure...
INFO:__main__:‚úÖ Verified suppliers/poundwholesale-co-uk/config/login_config.json: 39 bytes, 2025-07-08T18:53:27.742696
INFO:__main__:‚úÖ Verified suppliers/poundwholesale-co-uk/scripts/poundwholesale-co-uk_login.py: 20178 bytes, 2025-07-08T18:53:27.749204
ERROR:__main__:‚ùå Missing expected file: OUTPUTS/FBA_ANALYSIS/cached_products.json
ERROR:__main__:‚ùå Missing expected file: OUTPUTS/FBA_ANALYSIS/ai_category_cache.json
ERROR:__main__:‚ùå Missing expected file: OUTPUTS/FBA_ANALYSIS/linking_maps/linking_map.json
ERROR:__main__:‚ùå Output verification FAILED - 7 issues found
ERROR:__main__:  ‚Ä¢ suppliers/poundwholesale-co-uk/config/login_config.json: File is old (0:13:00.977552) - may not be from recent test
ERROR:__main__:  ‚Ä¢ suppliers/poundwholesale-co-uk/config/login_config.json: Missing vision_discovered field
ERROR:__main__:  ‚Ä¢ suppliers/poundwholesale-co-uk/config/login_config.json: Missing auto_discovered field
ERROR:__main__:  ‚Ä¢ suppliers/poundwholesale-co-uk/scripts/poundwholesale-co-uk_login.py: File is old (0:13:00.988971) - may not be from recent test
ERROR:__main__:  ‚Ä¢ OUTPUTS/FBA_ANALYSIS/cached_products.json: File does not exist
ERROR:__main__:  ‚Ä¢ OUTPUTS/FBA_ANALYSIS/ai_category_cache.json: File does not exist
ERROR:__main__:  ‚Ä¢ OUTPUTS/FBA_ANALYSIS/linking_maps/linking_map.json: File does not exist
INFO:utils.browser_manager:üßπ Starting browser cleanup...
INFO:utils.browser_manager:üóëÔ∏è Closed 1 cached pages
INFO:utils.browser_manager:üîå Disconnected from Chrome
INFO:utils.browser_manager:üé≠ Stopped Playwright
INFO:utils.browser_manager:‚úÖ Browser cleanup completed
INFO:utils.browser_manager:üßπ Global browser cleanup completed
INFO:__main__:üßπ Browser cleanup completed
DEBUG:asyncio:Using selector: EpollSelector
INFO:utils.browser_manager:üßπ Starting browser cleanup...
INFO:utils.browser_manager:üóëÔ∏è Closed 0 cached pages
INFO:utils.browser_manager:‚úÖ Browser cleanup completed
INFO:utils.browser_manager:üßπ Global browser cleanup completed
