INFO:__main__:ğŸ” Enhanced detailed logging enabled - output: /mnt/c/Users/chris/Cloud-Drive_christianhaddad8@gmail.com/Cloud-Drive/Full/claude code/Amazon-FBA-Agent-System-v3/logs/debug/run_complete_fba_system_20250708_185905.log
DEBUG:asyncio:Using selector: EpollSelector
WARNING:__main__:Failed to load max_products from config: Invalid control character at: line 88 column 35 (char 3977), using default 0
WARNING:__main__:Failed to load system config: Invalid control character at: line 88 column 35 (char 3977), using defaults
INFO:__main__:ğŸš€ Complete FBA System v3 initialized
INFO:__main__:ğŸ­ Processing supplier: poundwholesale-co-uk
INFO:__main__:ğŸ”— URL: https://www.poundwholesale.co.uk/
INFO:__main__:ğŸ“§ Email: info@theblacksmithmarket.com
INFO:__main__:ğŸ–¥ï¸ Headed mode: False
INFO:__main__:ğŸ“¦ Max products: 0
INFO:__main__:ğŸ”„ Force regenerate: False
INFO:__main__:ğŸ“¦ Archive system disabled - skipping file archiving
INFO:tools.supplier_guard:ğŸ›¡ï¸ Supplier Guard initialized
INFO:__main__:âš ï¸ Supplier poundwholesale-co-uk not ready: .supplier_ready file missing supplier_name field
INFO:__main__:âœ… Existing supplier package found for poundwholesale-co-uk. Bypassing script generation.
INFO:__main__:ğŸš€ Initializing centralized browser session...
INFO:utils.browser_manager:ğŸ”§ BrowserManager singleton initialized
INFO:utils.browser_manager:ğŸ”Œ Connecting to Chrome on debug port 9222
INFO:utils.browser_manager:ğŸ“„ Using existing context with 6 pages
INFO:utils.browser_manager:âœ… Connected to Chrome successfully
INFO:utils.browser_manager:ğŸ“„ Created new page #1 for https://www.poundwholesale.co.uk
INFO:utils.browser_manager:âœ… Page ready for https://www.poundwholesale.co.uk/
INFO:__main__:ğŸ” Performing dynamic supplier authentication...
INFO:__main__:ğŸ“¦ Loading dynamic supplier login script: suppliers/poundwholesale-co-uk/scripts/poundwholesale-co-uk_login.py
INFO:poundwholesale-co-uk_login:ğŸ” Starting login to https://www.poundwholesale.co.uk/
INFO:poundwholesale-co-uk_login:âœ… Already logged in
INFO:__main__:âœ… Dynamic supplier authentication successful. Proceeding with authenticated workflow.
INFO:utils.path_manager:Creating run output directory for supplier 'poundwholesale-co-uk' -> 'poundwholesale-co-uk/20250708_145915_run'
DEBUG:utils.path_manager:Successfully created run output directory: /mnt/c/Users/chris/Cloud-Drive_christianhaddad8@gmail.com/Cloud-Drive/Full/claude code/Amazon-FBA-Agent-System-v3/OUTPUTS/poundwholesale-co-uk/20250708_145915_run
INFO:__main__:ğŸ“ Run output directory: /mnt/c/Users/chris/Cloud-Drive_christianhaddad8@gmail.com/Cloud-Drive/Full/claude code/Amazon-FBA-Agent-System-v3/OUTPUTS/poundwholesale-co-uk/20250708_145915_run
INFO:__main__:ğŸ”„ Using standard workflow (LangGraph integration disabled)
INFO:__main__:ğŸ”„ Starting passive extraction workflow...
ERROR:__main__:âŒ Workflow execution failed: Invalid control character at: line 88 column 35 (char 3977)
Traceback (most recent call last):
  File "/mnt/c/Users/chris/Cloud-Drive_christianhaddad8@gmail.com/Cloud-Drive/Full/claude code/Amazon-FBA-Agent-System-v3/run_complete_fba_system.py", line 657, in _run_extraction_workflow
    system_config = json.load(f)
                    ^^^^^^^^^^^^
  File "/usr/lib/python3.12/json/__init__.py", line 293, in load
    return loads(fp.read(),
           ^^^^^^^^^^^^^^^^
  File "/usr/lib/python3.12/json/__init__.py", line 346, in loads
    return _default_decoder.decode(s)
           ^^^^^^^^^^^^^^^^^^^^^^^^^^
  File "/usr/lib/python3.12/json/decoder.py", line 337, in decode
    obj, end = self.raw_decode(s, idx=_w(s, 0).end())
               ^^^^^^^^^^^^^^^^^^^^^^^^^^^^^^^^^^^^^^
  File "/usr/lib/python3.12/json/decoder.py", line 353, in raw_decode
    obj, end = self.scan_once(s, idx)
               ^^^^^^^^^^^^^^^^^^^^^^
json.decoder.JSONDecodeError: Invalid control character at: line 88 column 35 (char 3977)
ERROR:__main__:âŒ Extraction workflow failed
INFO:__main__:ğŸ” Verifying files generated despite extraction failure...
INFO:__main__:âœ… Verified suppliers/poundwholesale-co-uk/config/login_config.json: 39 bytes, 2025-07-08T18:53:27.742696
INFO:__main__:âœ… Verified suppliers/poundwholesale-co-uk/scripts/poundwholesale-co-uk_login.py: 20178 bytes, 2025-07-08T18:53:27.749204
ERROR:__main__:âŒ Missing expected file: OUTPUTS/FBA_ANALYSIS/cached_products.json
ERROR:__main__:âŒ Missing expected file: OUTPUTS/FBA_ANALYSIS/ai_category_cache.json
ERROR:__main__:âŒ Missing expected file: OUTPUTS/FBA_ANALYSIS/linking_maps/linking_map.json
ERROR:__main__:âŒ Output verification FAILED - 5 issues found
ERROR:__main__:  â€¢ suppliers/poundwholesale-co-uk/config/login_config.json: Missing vision_discovered field
ERROR:__main__:  â€¢ suppliers/poundwholesale-co-uk/config/login_config.json: Missing auto_discovered field
ERROR:__main__:  â€¢ OUTPUTS/FBA_ANALYSIS/cached_products.json: File does not exist
ERROR:__main__:  â€¢ OUTPUTS/FBA_ANALYSIS/ai_category_cache.json: File does not exist
ERROR:__main__:  â€¢ OUTPUTS/FBA_ANALYSIS/linking_maps/linking_map.json: File does not exist
INFO:utils.browser_manager:ğŸ§¹ Starting browser cleanup...
INFO:utils.browser_manager:ğŸ—‘ï¸ Closed 1 cached pages
INFO:utils.browser_manager:ğŸ”Œ Disconnected from Chrome
INFO:utils.browser_manager:ğŸ­ Stopped Playwright
INFO:utils.browser_manager:âœ… Browser cleanup completed
INFO:utils.browser_manager:ğŸ§¹ Global browser cleanup completed
INFO:__main__:ğŸ§¹ Browser cleanup completed
DEBUG:asyncio:Using selector: EpollSelector
INFO:utils.browser_manager:ğŸ§¹ Starting browser cleanup...
INFO:utils.browser_manager:ğŸ—‘ï¸ Closed 0 cached pages
INFO:utils.browser_manager:âœ… Browser cleanup completed
INFO:utils.browser_manager:ğŸ§¹ Global browser cleanup completed
